[20-Sep-2017 09:20:07 UTC] PHP Warning:  PHP Startup: ssh2: Unable to initialize module
Module compiled with module API=20100525
PHP    compiled with module API=20131226
These options need to match
 in Unknown on line 0
[25-Jan-2018 03:59:35 UTC] PHP Warning:  PHP Startup: Unable to load dynamic library 'ext\php_ssh2.dll' - 找不到指定的模块。
 in Unknown on line 0
[25-Jan-2018 06:09:50 UTC] PHP Warning:  PHP Startup: Unable to load dynamic library 'ext\php_ssh2.dll' - 找不到指定的模块。
 in Unknown on line 0
[25-Jan-2018 06:11:44 UTC] PHP Warning:  PHP Startup: Unable to load dynamic library 'ext\php_ssh2.dll' - 找不到指定的模块。
 in Unknown on line 0
[25-Jan-2018 06:12:07 UTC] PHP Warning:  PHP Startup: Unable to load dynamic library 'ext\php_ssh2.dll' - 找不到指定的模块。
 in Unknown on line 0
[26-Jan-2018 02:23:59 UTC] PHP Warning:  PHP Startup: Unable to load dynamic library 'ext\php_ssh2.dll' - 找不到指定的模块。
 in Unknown on line 0
[26-Jan-2018 02:58:46 UTC] PHP Warning:  PHP Startup: Unable to load dynamic library 'ext\php_ssh2.dll' - 找不到指定的模块。
 in Unknown on line 0
[26-Jan-2018 03:02:53 UTC] PHP Warning:  PHP Startup: Unable to load dynamic library 'ext\php_ssh2.dll' - 找不到指定的模块。
 in Unknown on line 0
[26-Jan-2018 03:05:37 UTC] PHP Warning:  PHP Startup: Unable to load dynamic library 'ext\php_ssh2.dll' - 找不到指定的模块。
 in Unknown on line 0
[26-Jan-2018 03:52:25 UTC] PHP Warning:  PHP Startup: Unable to load dynamic library 'ext\php_ssh2.dll' - 找不到指定的模块。
 in Unknown on line 0
[26-Jan-2018 04:23:59 UTC] PHP Warning:  PHP Startup: Unable to load dynamic library 'ext\php_ssh2.dll' - 找不到指定的模块。
 in Unknown on line 0
[26-Jan-2018 04:36:56 UTC] PHP Warning:  PHP Startup: Unable to load dynamic library 'ext\php_ssh2.dll' - 找不到指定的模块。
 in Unknown on line 0
[30-Jan-2018 06:57:56 UTC] PHP Warning:  PHP Startup: Unable to load dynamic library 'ext\php_ssh2.dll' - 找不到指定的模块。
 in Unknown on line 0
[30-Jan-2018 07:26:54 UTC] PHP Warning:  PHP Startup: Unable to load dynamic library 'ext\php_ssh2.dll' - 找不到指定的模块。
 in Unknown on line 0
[30-Jan-2018 09:10:36 UTC] PHP Warning:  PHP Startup: Unable to load dynamic library 'ext\php_ssh2.dll' - 找不到指定的模块。
 in Unknown on line 0
[30-Jan-2018 09:24:38 UTC] PHP Warning:  PHP Startup: Unable to load dynamic library 'ext\php_ssh2.dll' - 找不到指定的模块。
 in Unknown on line 0
